# Logfile created on 2014-01-25 01:57:31 +0100 by logger.rb/36483
I, [2014-01-25T01:57:31.798867 #3115]  INFO -- : 0:  rake (0.9.2.2) from /usr/local/opt/rbenv/versions/2.0.0-p247/lib/ruby/gems/2.0.0/specifications/rake-0.9.2.2.gemspec
I, [2014-01-25T01:57:32.426409 #3115]  INFO -- : 0:  fssm (0.2.9) from /usr/local/opt/rbenv/versions/2.0.0-p247/lib/ruby/gems/2.0.0/specifications/fssm-0.2.9.gemspec
I, [2014-01-25T01:57:32.610882 #3116]  INFO -- : 1:  chunky_png (1.2.5) from /usr/local/opt/rbenv/versions/2.0.0-p247/lib/ruby/gems/2.0.0/specifications/chunky_png-1.2.5.gemspec
I, [2014-01-25T01:57:33.255894 #3116]  INFO -- : 1:  directory_watcher (1.4.1) from /usr/local/opt/rbenv/versions/2.0.0-p247/lib/ruby/gems/2.0.0/specifications/directory_watcher-1.4.1.gemspec
I, [2014-01-25T01:57:33.279014 #3116]  INFO -- : 1:  haml (3.1.7) from /usr/local/opt/rbenv/versions/2.0.0-p247/lib/ruby/gems/2.0.0/specifications/haml-3.1.7.gemspec
I, [2014-01-25T01:57:33.575818 #3118]  INFO -- : 3:  fast-stemmer (1.0.1) from /usr/local/opt/rbenv/versions/2.0.0-p247/lib/ruby/gems/2.0.0/specifications/fast-stemmer-1.0.1.gemspec
I, [2014-01-25T01:57:34.087987 #3115]  INFO -- : 0:  sass (3.1.20) from /usr/local/opt/rbenv/versions/2.0.0-p247/lib/ruby/gems/2.0.0/specifications/sass-3.1.20.gemspec
I, [2014-01-25T01:57:34.430589 #3118]  INFO -- : 3:  liquid (2.3.0) from /usr/local/opt/rbenv/versions/2.0.0-p247/lib/ruby/gems/2.0.0/specifications/liquid-2.3.0.gemspec
I, [2014-01-25T01:57:34.668519 #3115]  INFO -- : 0:  syntax (1.0.0) from /usr/local/opt/rbenv/versions/2.0.0-p247/lib/ruby/gems/2.0.0/specifications/syntax-1.0.0.gemspec
I, [2014-01-25T01:57:35.216560 #3116]  INFO -- : 1:  kramdown (0.13.8) from /usr/local/opt/rbenv/versions/2.0.0-p247/lib/ruby/gems/2.0.0/specifications/kramdown-0.13.8.gemspec
I, [2014-01-25T01:57:35.869695 #3118]  INFO -- : 3:  posix-spawn (0.3.6) from /usr/local/opt/rbenv/versions/2.0.0-p247/lib/ruby/gems/2.0.0/specifications/posix-spawn-0.3.6.gemspec
I, [2014-01-25T01:57:36.290634 #3116]  INFO -- : 1:  rack (1.4.1) from /usr/local/opt/rbenv/versions/2.0.0-p247/lib/ruby/gems/2.0.0/specifications/rack-1.4.1.gemspec
I, [2014-01-25T01:57:36.292072 #3116]  INFO -- : 1:  rdiscount (1.6.8) from /usr/local/opt/rbenv/versions/2.0.0-p247/lib/ruby/gems/2.0.0/specifications/rdiscount-1.6.8.gemspec
I, [2014-01-25T01:57:36.488277 #3118]  INFO -- : 3:  rb-fsevent (0.9.1) from /usr/local/opt/rbenv/versions/2.0.0-p247/lib/ruby/gems/2.0.0/specifications/rb-fsevent-0.9.1.gemspec
I, [2014-01-25T01:57:36.779558 #3116]  INFO -- : 1:  rubypants (0.2.0) from /usr/local/opt/rbenv/versions/2.0.0-p247/lib/ruby/gems/2.0.0/specifications/rubypants-0.2.0.gemspec
I, [2014-01-25T01:57:37.192323 #3118]  INFO -- : 3:  tilt (1.3.3) from /usr/local/opt/rbenv/versions/2.0.0-p247/lib/ruby/gems/2.0.0/specifications/tilt-1.3.3.gemspec
I, [2014-01-25T01:57:37.200540 #3118]  INFO -- : 3:  bundler (1.5.0) from /usr/local/opt/rbenv/versions/2.0.0-p247/lib/ruby/gems/2.0.0/specifications/bundler-1.5.0.gemspec
I, [2014-01-25T01:57:37.813809 #3118]  INFO -- : 3:  classifier (1.3.3) from /usr/local/opt/rbenv/versions/2.0.0-p247/lib/ruby/gems/2.0.0/specifications/classifier-1.3.3.gemspec
I, [2014-01-25T01:57:37.825489 #3118]  INFO -- : 3:  compass (0.12.2) from /usr/local/opt/rbenv/versions/2.0.0-p247/lib/ruby/gems/2.0.0/specifications/compass-0.12.2.gemspec
I, [2014-01-25T01:57:37.943024 #3116]  INFO -- : 1:  stringex (1.4.0) from /usr/local/opt/rbenv/versions/2.0.0-p247/lib/ruby/gems/2.0.0/specifications/stringex-1.4.0.gemspec
I, [2014-01-25T01:57:38.594476 #3115]  INFO -- : 0:  yajl-ruby (1.1.0) from /usr/local/opt/rbenv/versions/2.0.0-p247/lib/ruby/gems/2.0.0/specifications/yajl-ruby-1.1.0.gemspec
I, [2014-01-25T01:57:38.593067 #3116]  INFO -- : 1:  rack-protection (1.3.2) from /usr/local/opt/rbenv/versions/2.0.0-p247/lib/ruby/gems/2.0.0/specifications/rack-protection-1.3.2.gemspec
I, [2014-01-25T01:57:38.604838 #3115]  INFO -- : 0:  sinatra (1.3.3) from /usr/local/opt/rbenv/versions/2.0.0-p247/lib/ruby/gems/2.0.0/specifications/sinatra-1.3.3.gemspec
I, [2014-01-25T01:57:39.125192 #3118]  INFO -- : 3:  maruku (0.6.1) from /usr/local/opt/rbenv/versions/2.0.0-p247/lib/ruby/gems/2.0.0/specifications/maruku-0.6.1.gemspec
I, [2014-01-25T01:57:40.824468 #3117]  INFO -- : 2:  RedCloth (4.2.9) from /usr/local/opt/rbenv/versions/2.0.0-p247/lib/ruby/gems/2.0.0/specifications/RedCloth-4.2.9.gemspec
I, [2014-01-25T01:57:41.293088 #3116]  INFO -- : 1:  pygments.rb (0.3.4) from /usr/local/opt/rbenv/versions/2.0.0-p247/lib/ruby/gems/2.0.0/specifications/pygments.rb-0.3.4.gemspec
I, [2014-01-25T01:57:42.028794 #3115]  INFO -- : 0:  jekyll (0.12.0) from /usr/local/opt/rbenv/versions/2.0.0-p247/lib/ruby/gems/2.0.0/specifications/jekyll-0.12.0.gemspec
